TN:
SF:src/index.js
FNF:0
FNH:0
DA:1,1
DA:2,1
DA:3,1
DA:4,1
DA:5,1
DA:6,1
DA:7,1
DA:8,1
DA:9,1
DA:10,1
DA:11,1
DA:12,1
DA:13,1
DA:14,1
DA:15,1
DA:16,1
LF:16
LH:16
BRF:0
BRH:0
end_of_record
TN:
SF:src/routes.js
FNF:0
FNH:0
DA:1,1
DA:2,1
DA:3,1
DA:4,1
DA:5,1
DA:6,1
DA:7,1
DA:8,1
DA:9,1
DA:10,1
DA:11,1
DA:12,1
DA:13,1
DA:14,1
DA:15,1
DA:16,1
DA:17,1
DA:18,1
DA:19,1
DA:20,1
DA:21,1
LF:21
LH:21
BRF:0
BRH:0
end_of_record
TN:
SF:src/app/models/index.js
FNF:0
FNH:0
DA:1,1
DA:2,1
DA:3,1
DA:4,1
DA:5,1
DA:6,1
DA:7,1
DA:8,1
DA:9,1
DA:10,1
DA:11,1
DA:12,1
DA:13,1
DA:14,1
DA:15,1
DA:16,1
DA:17,18
DA:18,18
DA:19,1
DA:20,12
DA:21,12
DA:22,12
DA:23,1
DA:24,1
DA:25,12
DA:26,12
DA:27,12
DA:28,12
DA:29,1
DA:30,1
DA:31,1
DA:32,1
DA:33,1
LF:33
LH:33
BRDA:7,0,0,0
BRDA:16,1,0,18
BRDA:17,2,0,12
BRDA:19,3,0,12
BRDA:24,4,0,12
BRF:5
BRH:4
end_of_record
TN:
SF:src/app/models/upload.js
FN:4,Object.<anonymous>.module.exports
FN:15,Upload.associate
FNF:2
FNH:2
FNDA:6,Object.<anonymous>.module.exports
FNDA:6,Upload.associate
DA:1,1
DA:2,1
DA:3,1
DA:4,1
DA:5,6
DA:6,6
DA:7,6
DA:8,6
DA:9,6
DA:10,6
DA:11,6
DA:12,6
DA:13,6
DA:14,6
DA:15,6
DA:16,6
DA:17,6
DA:18,6
DA:19,6
DA:20,6
DA:21,6
DA:22,6
DA:23,6
DA:24,6
LF:24
LH:24
BRDA:4,0,0,6
BRDA:15,1,0,6
BRF:2
BRH:2
end_of_record
TN:
SF:src/app/models/user.js
FN:1,Object.<anonymous>.module.exports
FN:10,User.toJSON
FN:18,User.associate
FNF:3
FNH:3
FNDA:6,Object.<anonymous>.module.exports
FNDA:9,User.toJSON
FNDA:6,User.associate
DA:1,1
DA:2,6
DA:3,6
DA:4,6
DA:5,6
DA:6,6
DA:7,6
DA:8,6
DA:9,6
DA:10,6
DA:11,9
DA:12,9
DA:13,9
DA:14,9
DA:15,9
DA:16,9
DA:17,6
DA:18,6
DA:19,6
DA:20,6
DA:21,6
DA:22,6
DA:23,6
DA:24,6
DA:25,6
DA:26,6
LF:26
LH:26
BRDA:1,0,0,6
BRDA:10,1,0,9
BRDA:18,2,0,6
BRF:3
BRH:3
end_of_record
TN:
SF:src/awsConfig/aws.js
FNF:0
FNH:0
DA:1,1
DA:2,1
DA:3,1
DA:4,1
DA:5,1
DA:6,1
DA:7,1
DA:8,1
DA:9,1
DA:10,1
DA:11,1
LF:11
LH:11
BRF:0
BRH:0
end_of_record
TN:
SF:src/config/config.js
FNF:0
FNH:0
DA:1,1
DA:2,1
DA:3,1
DA:4,1
DA:5,1
DA:6,1
DA:7,1
DA:8,1
DA:9,1
DA:10,1
DA:11,1
DA:12,1
DA:13,1
DA:14,1
DA:15,1
DA:16,1
DA:17,1
LF:17
LH:17
BRDA:10,0,0,0
BRF:1
BRH:0
end_of_record
TN:
SF:src/controllers/Controllers.js
FN:8,deleteObjectOfBuck
FN:25,getEmail
FN:36,getUploads
FN:45,search
FN:61,post
FN:112,login
FN:135,uploadFile
FN:164,delete
FN:186,update
FN:231,list
FNF:10
FNH:6
FNDA:2,deleteObjectOfBuck
FNDA:12,getEmail
FNDA:0,getUploads
FNDA:0,search
FNDA:5,post
FNDA:7,login
FNDA:1,uploadFile
FNDA:0,delete
FNDA:2,update
FNDA:0,list
DA:1,1
DA:2,1
DA:3,1
DA:4,1
DA:5,1
DA:6,1
DA:7,1
DA:8,2
DA:9,2
DA:10,0
DA:11,0
DA:12,0
DA:13,0
DA:14,0
DA:15,2
DA:16,2
DA:17,2
DA:18,2
DA:19,2
DA:20,2
DA:21,2
DA:22,1
DA:23,1
DA:24,1
DA:25,1
DA:26,12
DA:27,12
DA:28,12
DA:29,12
DA:30,12
DA:31,12
DA:32,12
DA:33,12
DA:34,0
DA:35,1
DA:36,1
DA:37,0
DA:38,0
DA:39,0
DA:40,0
DA:41,0
DA:42,0
DA:43,0
DA:44,1
DA:45,1
DA:46,0
DA:47,0
DA:48,0
DA:49,0
DA:50,0
DA:51,0
DA:52,0
DA:53,0
DA:54,0
DA:55,0
DA:56,0
DA:57,0
DA:58,0
DA:59,0
DA:60,1
DA:61,1
DA:62,5
DA:63,5
DA:64,5
DA:65,5
DA:66,5
DA:67,5
DA:68,5
DA:69,5
DA:70,5
DA:71,5
DA:72,5
DA:73,4
DA:74,4
DA:75,4
DA:76,4
DA:77,4
DA:78,4
DA:79,4
DA:80,4
DA:81,4
DA:82,4
DA:83,4
DA:84,4
DA:85,4
DA:86,4
DA:87,4
DA:88,4
DA:89,4
DA:90,4
DA:91,4
DA:92,4
DA:93,4
DA:94,4
DA:95,4
DA:96,4
DA:97,0
DA:98,0
DA:99,0
DA:100,0
DA:101,5
DA:102,1
DA:103,1
DA:104,1
DA:105,5
DA:106,0
DA:107,0
DA:108,0
DA:109,5
DA:110,1
DA:111,1
DA:112,1
DA:113,7
DA:114,7
DA:115,7
DA:116,7
DA:117,7
DA:118,7
DA:119,7
DA:120,7
DA:121,6
DA:122,6
DA:123,6
DA:124,7
DA:125,7
DA:126,5
DA:127,5
DA:128,5
DA:129,5
DA:130,5
DA:131,7
DA:132,0
DA:133,0
DA:134,1
DA:135,1
DA:136,1
DA:137,1
DA:138,1
DA:139,1
DA:140,1
DA:141,0
DA:142,0
DA:143,0
DA:144,1
DA:145,1
DA:146,1
DA:147,1
DA:148,1
DA:149,1
DA:150,1
DA:151,1
DA:152,1
DA:153,1
DA:154,1
DA:155,1
DA:156,0
DA:157,0
DA:158,0
DA:159,0
DA:160,1
DA:161,1
DA:162,1
DA:163,1
DA:164,1
DA:165,0
DA:166,0
DA:167,0
DA:168,0
DA:169,0
DA:170,0
DA:171,0
DA:172,0
DA:173,0
DA:174,0
DA:175,0
DA:176,0
DA:177,0
DA:178,0
DA:179,0
DA:180,0
DA:181,0
DA:182,0
DA:183,0
DA:184,0
DA:185,1
DA:186,1
DA:187,2
DA:188,2
DA:189,2
DA:190,2
DA:191,2
DA:192,2
DA:193,2
DA:194,2
DA:195,2
DA:196,2
DA:197,2
DA:198,1
DA:199,1
DA:200,1
DA:201,1
DA:202,1
DA:203,1
DA:204,1
DA:205,2
DA:206,2
DA:207,2
DA:208,2
DA:209,2
DA:210,2
DA:211,0
DA:212,0
DA:213,1
DA:214,1
DA:215,1
DA:216,1
DA:217,1
DA:218,1
DA:219,1
DA:220,1
DA:221,1
DA:222,2
DA:223,0
DA:224,0
DA:225,0
DA:226,0
DA:227,0
DA:228,0
DA:229,0
DA:230,1
DA:231,1
DA:232,0
DA:233,0
DA:234,0
DA:235,0
DA:236,0
DA:237,0
DA:238,0
DA:239,0
DA:240,0
DA:241,0
DA:242,1
DA:243,1
DA:244,1
DA:245,1
DA:246,1
DA:247,1
DA:248,1
DA:249,1
LF:249
LH:167
BRDA:8,0,0,2
BRDA:9,1,0,0
BRDA:17,2,0,2
BRDA:25,3,0,12
BRDA:33,4,0,0
BRDA:61,5,0,5
BRDA:72,6,0,4
BRDA:76,7,0,0
BRDA:101,8,0,1
BRDA:105,9,0,0
BRDA:80,10,0,4
BRDA:84,11,0,0
BRDA:88,12,0,4
BRDA:112,13,0,7
BRDA:120,14,0,1
BRDA:120,15,0,6
BRDA:125,16,0,5
BRDA:125,17,0,1
BRDA:131,18,0,0
BRDA:135,19,0,1
BRDA:140,20,0,0
BRDA:148,21,0,0
BRDA:152,22,0,1
BRDA:186,23,0,2
BRDA:197,24,0,1
BRDA:198,25,0,0
BRDA:205,26,0,0
BRDA:212,27,0,1
BRDA:216,28,0,0
BRDA:214,29,0,1
BRDA:222,30,0,0
BRF:31
BRH:19
end_of_record
TN:
SF:src/middleware/Authorization.js
FN:6,authenticate
FNF:1
FNH:1
FNDA:4,authenticate
DA:1,1
DA:2,1
DA:3,1
DA:4,1
DA:5,1
DA:6,1
DA:7,4
DA:8,4
DA:9,4
DA:10,4
DA:11,4
DA:12,3
DA:13,3
DA:14,3
DA:15,0
DA:16,0
DA:17,0
DA:18,3
DA:19,3
DA:20,3
DA:21,3
DA:22,3
DA:23,3
DA:24,1
DA:25,1
DA:26,1
DA:27,1
DA:28,1
LF:28
LH:25
BRDA:6,0,0,4
BRDA:11,1,0,3
BRDA:11,2,0,1
BRDA:13,3,0,3
BRDA:14,4,0,0
BRF:5
BRH:4
end_of_record
TN:
SF:src/middleware/Jwt.js
FN:5,createToken
FNF:1
FNH:1
FNDA:11,createToken
DA:1,1
DA:2,1
DA:3,1
DA:4,1
DA:5,1
DA:6,11
DA:7,11
DA:8,11
DA:9,11
DA:10,11
DA:11,1
DA:12,1
DA:13,1
LF:13
LH:13
BRDA:5,0,0,11
BRF:1
BRH:1
end_of_record
TN:
SF:src/middleware/Multer.js
FN:14,filename
FN:32,key
FNF:2
FNH:1
FNDA:8,filename
FNDA:0,key
DA:1,1
DA:2,1
DA:3,1
DA:4,1
DA:5,1
DA:6,1
DA:7,1
DA:8,1
DA:9,1
DA:10,1
DA:11,1
DA:12,1
DA:13,1
DA:14,1
DA:15,8
DA:16,8
DA:17,8
DA:18,8
DA:19,8
DA:20,1
DA:21,1
DA:22,1
DA:23,1
DA:24,1
DA:25,1
DA:26,1
DA:27,1
DA:28,1
DA:29,1
DA:30,1
DA:31,1
DA:32,1
DA:33,0
DA:34,0
DA:35,0
DA:36,0
DA:37,0
DA:38,1
DA:39,1
DA:40,1
DA:41,1
DA:42,1
DA:43,1
LF:43
LH:38
BRDA:14,0,0,8
BRF:1
BRH:1
end_of_record
